# JRE version: OpenJDK Runtime Environment (8.0_152-b01) (build 1.8.0_152-release-915-b01)
# Java VM: OpenJDK 64-Bit Server VM (25.152-b01 mixed mode windows-amd64 compressed oops)
Heap:
 PSYoungGen      total 369664K, used 293808K [0x00000000e0000000, 0x00000000fa100000, 0x0000000100000000)
  eden space 312320K, 75% used [0x00000000e0000000,0x00000000ee6f1840,0x00000000f3100000)
  from space 57344K, 99% used [0x00000000f3100000,0x00000000f68faba0,0x00000000f6900000)
  to   space 40448K, 0% used [0x00000000f7980000,0x00000000f7980000,0x00000000fa100000)
 ParOldGen       total 153600K, used 122754K [0x00000000a0000000, 0x00000000a9600000, 0x00000000e0000000)
  object space 153600K, 79% used [0x00000000a0000000,0x00000000a77e0be8,0x00000000a9600000)
 Metaspace       used 88461K, capacity 96856K, committed 96984K, reserved 1132544K
  class space    used 11160K, capacity 12988K, committed 13056K, reserved 1048576K
GC Heap History (10 events):
Event: 7960.473 GC heap before
{Heap before GC invocations=46 (full 3):
 PSYoungGen      total 410624K, used 360293K [0x00000000e0000000, 0x00000000fd880000, 0x0000000100000000)
  eden space 349696K, 100% used [0x00000000e0000000,0x00000000f5580000,0x00000000f5580000)
  from space 60928K, 17% used [0x00000000f9d00000,0x00000000fa7597f0,0x00000000fd880000)
  to   space 67072K, 0% used [0x00000000f5580000,0x00000000f5580000,0x00000000f9700000)
 ParOldGen       total 153600K, used 117038K [0x00000000a0000000, 0x00000000a9600000, 0x00000000e0000000)
  object space 153600K, 76% used [0x00000000a0000000,0x00000000a724ba80,0x00000000a9600000)
 Metaspace       used 87558K, capacity 95520K, committed 95832K, reserved 1132544K
  class space    used 11093K, capacity 12849K, committed 12928K, reserved 1048576K
Event: 7960.517 GC heap after
Heap after GC invocations=46 (full 3):
 PSYoungGen      total 416768K, used 12832K [0x00000000e0000000, 0x00000000ff380000, 0x0000000100000000)
  eden space 349696K, 0% used [0x00000000e0000000,0x00000000e0000000,0x00000000f5580000)
  from space 67072K, 19% used [0x00000000f5580000,0x00000000f62083b0,0x00000000f9700000)
  to   space 65024K, 0% used [0x00000000fb400000,0x00000000fb400000,0x00000000ff380000)
 ParOldGen       total 153600K, used 117294K [0x00000000a0000000, 0x00000000a9600000, 0x00000000e0000000)
  object space 153600K, 76% used [0x00000000a0000000,0x00000000a728ba80,0x00000000a9600000)
 Metaspace       used 87558K, capacity 95520K, committed 95832K, reserved 1132544K
  class space    used 11093K, capacity 12849K, committed 12928K, reserved 1048576K
}
Event: 8272.018 GC heap before
{Heap before GC invocations=47 (full 3):
 PSYoungGen      total 416768K, used 362528K [0x00000000e0000000, 0x00000000ff380000, 0x0000000100000000)
  eden space 349696K, 100% used [0x00000000e0000000,0x00000000f5580000,0x00000000f5580000)
  from space 67072K, 19% used [0x00000000f5580000,0x00000000f62083b0,0x00000000f9700000)
  to   space 65024K, 0% used [0x00000000fb400000,0x00000000fb400000,0x00000000ff380000)
 ParOldGen       total 153600K, used 117294K [0x00000000a0000000, 0x00000000a9600000, 0x00000000e0000000)
  object space 153600K, 76% used [0x00000000a0000000,0x00000000a728ba80,0x00000000a9600000)
 Metaspace       used 87999K, capacity 96258K, committed 96472K, reserved 1132544K
  class space    used 11128K, capacity 12948K, committed 13056K, reserved 1048576K
Event: 8272.033 GC heap after
Heap after GC invocations=47 (full 3):
 PSYoungGen      total 352256K, used 13056K [0x00000000e0000000, 0x00000000fc380000, 0x0000000100000000)
  eden space 336384K, 0% used [0x00000000e0000000,0x00000000e0000000,0x00000000f4880000)
  from space 15872K, 82% used [0x00000000fb400000,0x00000000fc0c0370,0x00000000fc380000)
  to   space 62976K, 0% used [0x00000000f4880000,0x00000000f4880000,0x00000000f8600000)
 ParOldGen       total 153600K, used 117302K [0x00000000a0000000, 0x00000000a9600000, 0x00000000e0000000)
  object space 153600K, 76% used [0x00000000a0000000,0x00000000a728da80,0x00000000a9600000)
 Metaspace       used 87999K, capacity 96258K, committed 96472K, reserved 1132544K
  class space    used 11128K, capacity 12948K, committed 13056K, reserved 1048576K
}
Event: 8273.678 GC heap before
{Heap before GC invocations=48 (full 3):
 PSYoungGen      total 352256K, used 349315K [0x00000000e0000000, 0x00000000fc380000, 0x0000000100000000)
  eden space 336384K, 99% used [0x00000000e0000000,0x00000000f4860c78,0x00000000f4880000)
  from space 15872K, 82% used [0x00000000fb400000,0x00000000fc0c0370,0x00000000fc380000)
  to   space 62976K, 0% used [0x00000000f4880000,0x00000000f4880000,0x00000000f8600000)
 ParOldGen       total 153600K, used 117302K [0x00000000a0000000, 0x00000000a9600000, 0x00000000e0000000)
  object space 153600K, 76% used [0x00000000a0000000,0x00000000a728da80,0x00000000a9600000)
 Metaspace       used 88101K, capacity 96344K, committed 96472K, reserved 1132544K
  class space    used 11141K, capacity 12963K, committed 13056K, reserved 1048576K
Event: 8273.691 GC heap after
Heap after GC invocations=48 (full 3):
 PSYoungGen      total 338432K, used 14150K [0x00000000e0000000, 0x00000000fb480000, 0x0000000100000000)
  eden space 324096K, 0% used [0x00000000e0000000,0x00000000e0000000,0x00000000f3c80000)
  from space 14336K, 98% used [0x00000000f4880000,0x00000000f5651818,0x00000000f5680000)
  to   space 60416K, 0% used [0x00000000f7980000,0x00000000f7980000,0x00000000fb480000)
 ParOldGen       total 153600K, used 117310K [0x00000000a0000000, 0x00000000a9600000, 0x00000000e0000000)
  object space 153600K, 76% used [0x00000000a0000000,0x00000000a728fa80,0x00000000a9600000)
 Metaspace       used 88101K, capacity 96344K, committed 96472K, reserved 1132544K
  class space    used 11141K, capacity 12963K, committed 13056K, reserved 1048576K
}
Event: 8279.372 GC heap before
{Heap before GC invocations=49 (full 3):
 PSYoungGen      total 338432K, used 338246K [0x00000000e0000000, 0x00000000fb480000, 0x0000000100000000)
  eden space 324096K, 100% used [0x00000000e0000000,0x00000000f3c80000,0x00000000f3c80000)
  from space 14336K, 98% used [0x00000000f4880000,0x00000000f5651818,0x00000000f5680000)
  to   space 60416K, 0% used [0x00000000f7980000,0x00000000f7980000,0x00000000fb480000)
 ParOldGen       total 153600K, used 117310K [0x00000000a0000000, 0x00000000a9600000, 0x00000000e0000000)
  object space 153600K, 76% used [0x00000000a0000000,0x00000000a728fa80,0x00000000a9600000)
 Metaspace       used 88355K, capacity 96768K, committed 96984K, reserved 1132544K
  class space    used 11157K, capacity 12984K, committed 13056K, reserved 1048576K
Event: 8279.425 GC heap after
Heap after GC invocations=49 (full 3):
 PSYoungGen      total 352768K, used 18123K [0x00000000e0000000, 0x00000000fa100000, 0x0000000100000000)
  eden space 312320K, 0% used [0x00000000e0000000,0x00000000e0000000,0x00000000f3100000)
  from space 40448K, 44% used [0x00000000f7980000,0x00000000f8b32ff8,0x00000000fa100000)
  to   space 57344K, 0% used [0x00000000f3100000,0x00000000f3100000,0x00000000f6900000)
 ParOldGen       total 153600K, used 117318K [0x00000000a0000000, 0x00000000a9600000, 0x00000000e0000000)
  object space 153600K, 76% used [0x00000000a0000000,0x00000000a7291a80,0x00000000a9600000)
 Metaspace       used 88355K, capacity 96768K, committed 96984K, reserved 1132544K
  class space    used 11157K, capacity 12984K, committed 13056K, reserved 1048576K
}
Event: 8280.887 GC heap before
{Heap before GC invocations=50 (full 3):
 PSYoungGen      total 352768K, used 330443K [0x00000000e0000000, 0x00000000fa100000, 0x0000000100000000)
  eden space 312320K, 100% used [0x00000000e0000000,0x00000000f3100000,0x00000000f3100000)
  from space 40448K, 44% used [0x00000000f7980000,0x00000000f8b32ff8,0x00000000fa100000)
  to   space 57344K, 0% used [0x00000000f3100000,0x00000000f3100000,0x00000000f6900000)
 ParOldGen       total 153600K, used 117318K [0x00000000a0000000, 0x00000000a9600000, 0x00000000e0000000)
  object space 153600K, 76% used [0x00000000a0000000,0x00000000a7291a80,0x00000000a9600000)
 Metaspace       used 88373K, capacity 96772K, committed 96984K, reserved 1132544K
  class space    used 11157K, capacity 12984K, committed 13056K, reserved 1048576K
Event: 8280.942 GC heap after
Heap after GC invocations=50 (full 3):
 PSYoungGen      total 369664K, used 57322K [0x00000000e0000000, 0x00000000fa100000, 0x0000000100000000)
  eden space 312320K, 0% used [0x00000000e0000000,0x00000000e0000000,0x00000000f3100000)
  from space 57344K, 99% used [0x00000000f3100000,0x00000000f68faba0,0x00000000f6900000)
  to   space 40448K, 0% used [0x00000000f7980000,0x00000000f7980000,0x00000000fa100000)
 ParOldGen       total 153600K, used 122754K [0x00000000a0000000, 0x00000000a9600000, 0x00000000e0000000)
  object space 153600K, 79% used [0x00000000a0000000,0x00000000a77e0be8,0x00000000a9600000)
 Metaspace       used 88373K, capacity 96772K, committed 96984K, reserved 1132544K
  class space    used 11157K, capacity 12984K, committed 13056K, reserved 1048576K
}

